2020-09-21 17:29:51 [scrapy.utils.log] INFO: Scrapy 2.3.0 started (bot: scrapy_proj_les_6)
2020-09-21 17:29:51 [scrapy.utils.log] INFO: Versions: lxml 4.5.2.0, libxml2 2.9.10, cssselect 1.1.0, parsel 1.6.0, w3lib 1.22.0, Twisted 20.3.0, Python 3.8.5 (default, Sep  3 2020, 06:33:09) - [GCC 6.3.0 20170516], pyOpenSSL 19.1.0 (OpenSSL 1.1.1g  21 Apr 2020), cryptography 3.1, Platform Linux-4.9.0-13-amd64-x86_64-with-glibc2.17
2020-09-21 17:29:51 [scrapy.utils.log] DEBUG: Using reactor: twisted.internet.epollreactor.EPollReactor
2020-09-21 17:29:51 [scrapy.crawler] INFO: Overridden settings:
{'BOT_NAME': 'scrapy_proj_les_6',
 'DOWNLOAD_DELAY': 0.5,
 'LOG_FILE': 'scrapy.log',
 'NEWSPIDER_MODULE': 'scrapy_proj_les_6.spiders',
 'SPIDER_MODULES': ['scrapy_proj_les_6.spiders'],
 'USER_AGENT': 'Mozilla/5.0 (X11; Linux x86_64; rv:80.0) Gecko/20100101 '
               'Firefox/80.0'}
2020-09-21 17:29:51 [scrapy.extensions.telnet] INFO: Telnet Password: 8129744a0aa44cf9
2020-09-21 17:29:51 [scrapy.middleware] INFO: Enabled extensions:
['scrapy.extensions.corestats.CoreStats',
 'scrapy.extensions.telnet.TelnetConsole',
 'scrapy.extensions.memusage.MemoryUsage',
 'scrapy.extensions.logstats.LogStats']
2020-09-21 17:29:51 [scrapy.middleware] INFO: Enabled downloader middlewares:
['scrapy.downloadermiddlewares.httpauth.HttpAuthMiddleware',
 'scrapy.downloadermiddlewares.downloadtimeout.DownloadTimeoutMiddleware',
 'scrapy.downloadermiddlewares.defaultheaders.DefaultHeadersMiddleware',
 'scrapy.downloadermiddlewares.useragent.UserAgentMiddleware',
 'scrapy.downloadermiddlewares.retry.RetryMiddleware',
 'scrapy.downloadermiddlewares.redirect.MetaRefreshMiddleware',
 'scrapy.downloadermiddlewares.httpcompression.HttpCompressionMiddleware',
 'scrapy.downloadermiddlewares.redirect.RedirectMiddleware',
 'scrapy.downloadermiddlewares.cookies.CookiesMiddleware',
 'scrapy.downloadermiddlewares.httpproxy.HttpProxyMiddleware',
 'scrapy.downloadermiddlewares.stats.DownloaderStats']
2020-09-21 17:29:51 [scrapy.middleware] INFO: Enabled spider middlewares:
['scrapy.spidermiddlewares.httperror.HttpErrorMiddleware',
 'scrapy.spidermiddlewares.offsite.OffsiteMiddleware',
 'scrapy.spidermiddlewares.referer.RefererMiddleware',
 'scrapy.spidermiddlewares.urllength.UrlLengthMiddleware',
 'scrapy.spidermiddlewares.depth.DepthMiddleware']
2020-09-21 17:29:51 [scrapy.middleware] INFO: Enabled item pipelines:
[]
2020-09-21 17:29:51 [scrapy.core.engine] INFO: Spider opened
2020-09-21 17:29:51 [scrapy.extensions.logstats] INFO: Crawled 0 pages (at 0 pages/min), scraped 0 items (at 0 items/min)
2020-09-21 17:29:51 [scrapy.extensions.telnet] INFO: Telnet console listening on 127.0.0.1:6023
2020-09-21 17:29:52 [scrapy.core.engine] DEBUG: Crawled (200) <GET https://www.labirint.ru/search/python/?stype=0> (referer: None)
2020-09-21 17:29:52 [scrapy.core.engine] INFO: Closing spider (finished)
2020-09-21 17:29:52 [scrapy.statscollectors] INFO: Dumping Scrapy stats:
{'downloader/request_bytes': 271,
 'downloader/request_count': 1,
 'downloader/request_method_count/GET': 1,
 'downloader/response_bytes': 79201,
 'downloader/response_count': 1,
 'downloader/response_status_count/200': 1,
 'elapsed_time_seconds': 1.094609,
 'finish_reason': 'finished',
 'finish_time': datetime.datetime(2020, 9, 21, 14, 29, 52, 946966),
 'log_count/DEBUG': 1,
 'log_count/INFO': 10,
 'memusage/max': 1003159552,
 'memusage/startup': 1003159552,
 'response_received_count': 1,
 'scheduler/dequeued': 1,
 'scheduler/dequeued/memory': 1,
 'scheduler/enqueued': 1,
 'scheduler/enqueued/memory': 1,
 'start_time': datetime.datetime(2020, 9, 21, 14, 29, 51, 852357)}
2020-09-21 17:29:52 [scrapy.core.engine] INFO: Spider closed (finished)
2020-09-21 17:31:06 [scrapy.utils.log] INFO: Scrapy 2.3.0 started (bot: scrapy_proj_les_6)
2020-09-21 17:31:06 [scrapy.utils.log] INFO: Versions: lxml 4.5.2.0, libxml2 2.9.10, cssselect 1.1.0, parsel 1.6.0, w3lib 1.22.0, Twisted 20.3.0, Python 3.8.5 (default, Sep  3 2020, 06:33:09) - [GCC 6.3.0 20170516], pyOpenSSL 19.1.0 (OpenSSL 1.1.1g  21 Apr 2020), cryptography 3.1, Platform Linux-4.9.0-13-amd64-x86_64-with-glibc2.17
2020-09-21 17:31:06 [scrapy.utils.log] DEBUG: Using reactor: twisted.internet.epollreactor.EPollReactor
2020-09-21 17:31:06 [scrapy.crawler] INFO: Overridden settings:
{'BOT_NAME': 'scrapy_proj_les_6',
 'DOWNLOAD_DELAY': 0.5,
 'LOG_FILE': 'scrapy.log',
 'NEWSPIDER_MODULE': 'scrapy_proj_les_6.spiders',
 'SPIDER_MODULES': ['scrapy_proj_les_6.spiders'],
 'USER_AGENT': 'Mozilla/5.0 (X11; Linux x86_64; rv:80.0) Gecko/20100101 '
               'Firefox/80.0'}
2020-09-21 17:31:06 [scrapy.extensions.telnet] INFO: Telnet Password: 6b81cfe6de3fd16e
2020-09-21 17:31:06 [scrapy.middleware] INFO: Enabled extensions:
['scrapy.extensions.corestats.CoreStats',
 'scrapy.extensions.telnet.TelnetConsole',
 'scrapy.extensions.memusage.MemoryUsage',
 'scrapy.extensions.logstats.LogStats']
2020-09-21 17:31:06 [scrapy.middleware] INFO: Enabled downloader middlewares:
['scrapy.downloadermiddlewares.httpauth.HttpAuthMiddleware',
 'scrapy.downloadermiddlewares.downloadtimeout.DownloadTimeoutMiddleware',
 'scrapy.downloadermiddlewares.defaultheaders.DefaultHeadersMiddleware',
 'scrapy.downloadermiddlewares.useragent.UserAgentMiddleware',
 'scrapy.downloadermiddlewares.retry.RetryMiddleware',
 'scrapy.downloadermiddlewares.redirect.MetaRefreshMiddleware',
 'scrapy.downloadermiddlewares.httpcompression.HttpCompressionMiddleware',
 'scrapy.downloadermiddlewares.redirect.RedirectMiddleware',
 'scrapy.downloadermiddlewares.cookies.CookiesMiddleware',
 'scrapy.downloadermiddlewares.httpproxy.HttpProxyMiddleware',
 'scrapy.downloadermiddlewares.stats.DownloaderStats']
2020-09-21 17:31:06 [scrapy.middleware] INFO: Enabled spider middlewares:
['scrapy.spidermiddlewares.httperror.HttpErrorMiddleware',
 'scrapy.spidermiddlewares.offsite.OffsiteMiddleware',
 'scrapy.spidermiddlewares.referer.RefererMiddleware',
 'scrapy.spidermiddlewares.urllength.UrlLengthMiddleware',
 'scrapy.spidermiddlewares.depth.DepthMiddleware']
2020-09-21 17:31:06 [scrapy.middleware] INFO: Enabled item pipelines:
[]
2020-09-21 17:31:06 [scrapy.core.engine] INFO: Spider opened
2020-09-21 17:31:06 [scrapy.extensions.logstats] INFO: Crawled 0 pages (at 0 pages/min), scraped 0 items (at 0 items/min)
2020-09-21 17:31:06 [scrapy.extensions.telnet] INFO: Telnet console listening on 127.0.0.1:6023
2020-09-21 17:31:07 [scrapy.core.engine] DEBUG: Crawled (200) <GET https://www.labirint.ru/search/python/?stype=0> (referer: None)
2020-09-21 17:33:11 [scrapy.crawler] INFO: Received SIGINT, shutting down gracefully. Send again to force 
2020-09-21 17:40:42 [scrapy.utils.log] INFO: Scrapy 2.3.0 started (bot: scrapy_proj_les_6)
2020-09-21 17:40:42 [scrapy.utils.log] INFO: Versions: lxml 4.5.2.0, libxml2 2.9.10, cssselect 1.1.0, parsel 1.6.0, w3lib 1.22.0, Twisted 20.3.0, Python 3.8.5 (default, Sep  3 2020, 06:33:09) - [GCC 6.3.0 20170516], pyOpenSSL 19.1.0 (OpenSSL 1.1.1g  21 Apr 2020), cryptography 3.1, Platform Linux-4.9.0-13-amd64-x86_64-with-glibc2.17
2020-09-21 17:40:42 [scrapy.utils.log] DEBUG: Using reactor: twisted.internet.epollreactor.EPollReactor
2020-09-21 17:40:42 [scrapy.crawler] INFO: Overridden settings:
{'BOT_NAME': 'scrapy_proj_les_6',
 'DOWNLOAD_DELAY': 0.5,
 'LOG_FILE': 'scrapy.log',
 'NEWSPIDER_MODULE': 'scrapy_proj_les_6.spiders',
 'SPIDER_MODULES': ['scrapy_proj_les_6.spiders'],
 'USER_AGENT': 'Mozilla/5.0 (X11; Linux x86_64; rv:80.0) Gecko/20100101 '
               'Firefox/80.0'}
2020-09-21 17:40:42 [scrapy.extensions.telnet] INFO: Telnet Password: 66aef8925f0a5fe1
2020-09-21 17:40:42 [scrapy.middleware] INFO: Enabled extensions:
['scrapy.extensions.corestats.CoreStats',
 'scrapy.extensions.telnet.TelnetConsole',
 'scrapy.extensions.memusage.MemoryUsage',
 'scrapy.extensions.logstats.LogStats']
2020-09-21 17:40:42 [scrapy.middleware] INFO: Enabled downloader middlewares:
['scrapy.downloadermiddlewares.httpauth.HttpAuthMiddleware',
 'scrapy.downloadermiddlewares.downloadtimeout.DownloadTimeoutMiddleware',
 'scrapy.downloadermiddlewares.defaultheaders.DefaultHeadersMiddleware',
 'scrapy.downloadermiddlewares.useragent.UserAgentMiddleware',
 'scrapy.downloadermiddlewares.retry.RetryMiddleware',
 'scrapy.downloadermiddlewares.redirect.MetaRefreshMiddleware',
 'scrapy.downloadermiddlewares.httpcompression.HttpCompressionMiddleware',
 'scrapy.downloadermiddlewares.redirect.RedirectMiddleware',
 'scrapy.downloadermiddlewares.cookies.CookiesMiddleware',
 'scrapy.downloadermiddlewares.httpproxy.HttpProxyMiddleware',
 'scrapy.downloadermiddlewares.stats.DownloaderStats']
2020-09-21 17:40:42 [scrapy.middleware] INFO: Enabled spider middlewares:
['scrapy.spidermiddlewares.httperror.HttpErrorMiddleware',
 'scrapy.spidermiddlewares.offsite.OffsiteMiddleware',
 'scrapy.spidermiddlewares.referer.RefererMiddleware',
 'scrapy.spidermiddlewares.urllength.UrlLengthMiddleware',
 'scrapy.spidermiddlewares.depth.DepthMiddleware']
2020-09-21 17:40:42 [scrapy.middleware] INFO: Enabled item pipelines:
[]
2020-09-21 17:40:42 [scrapy.core.engine] INFO: Spider opened
2020-09-21 17:40:42 [scrapy.extensions.logstats] INFO: Crawled 0 pages (at 0 pages/min), scraped 0 items (at 0 items/min)
2020-09-21 17:40:42 [scrapy.extensions.telnet] INFO: Telnet console listening on 127.0.0.1:6023
2020-09-21 17:40:42 [scrapy.core.engine] DEBUG: Crawled (200) <GET https://www.labirint.ru/search/python/?stype=0> (referer: None)
2020-09-21 17:40:42 [scrapy.core.engine] INFO: Closing spider (finished)
2020-09-21 17:40:42 [scrapy.statscollectors] INFO: Dumping Scrapy stats:
{'downloader/request_bytes': 271,
 'downloader/request_count': 1,
 'downloader/request_method_count/GET': 1,
 'downloader/response_bytes': 79204,
 'downloader/response_count': 1,
 'downloader/response_status_count/200': 1,
 'elapsed_time_seconds': 0.506564,
 'finish_reason': 'finished',
 'finish_time': datetime.datetime(2020, 9, 21, 14, 40, 42, 813895),
 'log_count/DEBUG': 1,
 'log_count/INFO': 10,
 'memusage/max': 759832576,
 'memusage/startup': 759832576,
 'response_received_count': 1,
 'scheduler/dequeued': 1,
 'scheduler/dequeued/memory': 1,
 'scheduler/enqueued': 1,
 'scheduler/enqueued/memory': 1,
 'start_time': datetime.datetime(2020, 9, 21, 14, 40, 42, 307331)}
2020-09-21 17:40:42 [scrapy.core.engine] INFO: Spider closed (finished)
2020-09-21 17:40:56 [scrapy.utils.log] INFO: Scrapy 2.3.0 started (bot: scrapy_proj_les_6)
2020-09-21 17:40:56 [scrapy.utils.log] INFO: Versions: lxml 4.5.2.0, libxml2 2.9.10, cssselect 1.1.0, parsel 1.6.0, w3lib 1.22.0, Twisted 20.3.0, Python 3.8.5 (default, Sep  3 2020, 06:33:09) - [GCC 6.3.0 20170516], pyOpenSSL 19.1.0 (OpenSSL 1.1.1g  21 Apr 2020), cryptography 3.1, Platform Linux-4.9.0-13-amd64-x86_64-with-glibc2.17
2020-09-21 17:40:56 [scrapy.utils.log] DEBUG: Using reactor: twisted.internet.epollreactor.EPollReactor
2020-09-21 17:40:56 [scrapy.crawler] INFO: Overridden settings:
{'BOT_NAME': 'scrapy_proj_les_6',
 'DOWNLOAD_DELAY': 0.5,
 'LOG_FILE': 'scrapy.log',
 'NEWSPIDER_MODULE': 'scrapy_proj_les_6.spiders',
 'SPIDER_MODULES': ['scrapy_proj_les_6.spiders'],
 'USER_AGENT': 'Mozilla/5.0 (X11; Linux x86_64; rv:80.0) Gecko/20100101 '
               'Firefox/80.0'}
2020-09-21 17:40:56 [scrapy.extensions.telnet] INFO: Telnet Password: d59fcbb62d1d9861
2020-09-21 17:40:56 [scrapy.middleware] INFO: Enabled extensions:
['scrapy.extensions.corestats.CoreStats',
 'scrapy.extensions.telnet.TelnetConsole',
 'scrapy.extensions.memusage.MemoryUsage',
 'scrapy.extensions.logstats.LogStats']
2020-09-21 17:40:56 [scrapy.middleware] INFO: Enabled downloader middlewares:
['scrapy.downloadermiddlewares.httpauth.HttpAuthMiddleware',
 'scrapy.downloadermiddlewares.downloadtimeout.DownloadTimeoutMiddleware',
 'scrapy.downloadermiddlewares.defaultheaders.DefaultHeadersMiddleware',
 'scrapy.downloadermiddlewares.useragent.UserAgentMiddleware',
 'scrapy.downloadermiddlewares.retry.RetryMiddleware',
 'scrapy.downloadermiddlewares.redirect.MetaRefreshMiddleware',
 'scrapy.downloadermiddlewares.httpcompression.HttpCompressionMiddleware',
 'scrapy.downloadermiddlewares.redirect.RedirectMiddleware',
 'scrapy.downloadermiddlewares.cookies.CookiesMiddleware',
 'scrapy.downloadermiddlewares.httpproxy.HttpProxyMiddleware',
 'scrapy.downloadermiddlewares.stats.DownloaderStats']
2020-09-21 17:40:56 [scrapy.middleware] INFO: Enabled spider middlewares:
['scrapy.spidermiddlewares.httperror.HttpErrorMiddleware',
 'scrapy.spidermiddlewares.offsite.OffsiteMiddleware',
 'scrapy.spidermiddlewares.referer.RefererMiddleware',
 'scrapy.spidermiddlewares.urllength.UrlLengthMiddleware',
 'scrapy.spidermiddlewares.depth.DepthMiddleware']
2020-09-21 17:40:56 [scrapy.middleware] INFO: Enabled item pipelines:
[]
2020-09-21 17:40:56 [scrapy.core.engine] INFO: Spider opened
2020-09-21 17:40:56 [scrapy.extensions.logstats] INFO: Crawled 0 pages (at 0 pages/min), scraped 0 items (at 0 items/min)
2020-09-21 17:40:56 [scrapy.extensions.telnet] INFO: Telnet console listening on 127.0.0.1:6023
2020-09-21 17:40:57 [scrapy.core.engine] DEBUG: Crawled (200) <GET https://www.labirint.ru/search/python/?stype=0> (referer: None)
